2025-10-20 14:57:36,248 INFO o.a.j.u.JMeterUtils: Setting Locale to en_EN
2025-10-20 14:57:36,298 INFO o.a.j.JMeter: Loading user properties from: /home/usuario/Documentos/Programas/Java/apache-jmeter-5.6.3/bin/user.properties
2025-10-20 14:57:36,301 INFO o.a.j.JMeter: Loading system properties from: /home/usuario/Documentos/Programas/Java/apache-jmeter-5.6.3/bin/system.properties
2025-10-20 14:57:36,328 INFO o.a.j.JMeter: Copyright (c) 1998-2024 The Apache Software Foundation
2025-10-20 14:57:36,329 INFO o.a.j.JMeter: Version 5.6.3
2025-10-20 14:57:36,329 INFO o.a.j.JMeter: java.version=24.0.2
2025-10-20 14:57:36,329 INFO o.a.j.JMeter: java.vm.name=Java HotSpot(TM) 64-Bit Server VM
2025-10-20 14:57:36,329 INFO o.a.j.JMeter: os.name=Linux
2025-10-20 14:57:36,329 INFO o.a.j.JMeter: os.arch=amd64
2025-10-20 14:57:36,329 INFO o.a.j.JMeter: os.version=6.6.28-policorp-amd64
2025-10-20 14:57:36,329 INFO o.a.j.JMeter: file.encoding=UTF-8
2025-10-20 14:57:36,330 INFO o.a.j.JMeter: java.awt.headless=null
2025-10-20 14:57:36,330 INFO o.a.j.JMeter: Max memory     =1073741824
2025-10-20 14:57:36,330 INFO o.a.j.JMeter: Available Processors =16
2025-10-20 14:57:36,386 INFO o.a.j.JMeter: Default Locale=English (EN)
2025-10-20 14:57:36,389 INFO o.a.j.JMeter: JMeter  Locale=English (EN)
2025-10-20 14:57:36,390 INFO o.a.j.JMeter: JMeterHome=/home/usuario/Documentos/Programas/Java/apache-jmeter-5.6.3
2025-10-20 14:57:36,390 INFO o.a.j.JMeter: user.dir  =/home/usuario/Documentos/Projetos/Projetos Java/Programacao-Reativa
2025-10-20 14:57:36,391 INFO o.a.j.JMeter: PWD       =/home/usuario/Documentos/Projetos/Projetos Java/Programacao-Reativa
2025-10-20 14:57:36,392 INFO o.a.j.JMeter: IP: 127.0.1.1 Name: policorp FullName: policorp
2025-10-20 14:57:36,458 INFO o.a.j.JMeter: Loaded icon properties from org/apache/jmeter/images/icon.properties
2025-10-20 14:57:37,100 INFO o.a.j.JMeterGuiLauncher: Setting LAF to: com.github.weisj.darklaf.DarkLaf:com.github.weisj.darklaf.theme.DarculaTheme
2025-10-20 14:57:40,268 INFO o.a.j.r.ClassFinder: Will scan jar /home/usuario/Documentos/Programas/Java/apache-jmeter-5.6.3/lib/ext/jmeter-plugins-casutg-3.1.1.jar with filter ExtendsClassFilter [parents=[interface org.apache.jmeter.gui.action.Command], inner=false, contains=null, notContains=null]. Consider exposing JMeter plugins via META-INF/services, and add JMeter-Skip-Class-Scanning=true manifest attribute so JMeter can skip classfile scanning
2025-10-20 14:57:40,302 INFO o.a.j.r.ClassFinder: Will scan jar /home/usuario/Documentos/Programas/Java/apache-jmeter-5.6.3/lib/ext/jmeter-plugins-graphs-basic-2.0.jar with filter ExtendsClassFilter [parents=[interface org.apache.jmeter.gui.action.Command], inner=false, contains=null, notContains=null]. Consider exposing JMeter plugins via META-INF/services, and add JMeter-Skip-Class-Scanning=true manifest attribute so JMeter can skip classfile scanning
2025-10-20 14:57:40,313 INFO o.a.j.r.ClassFinder: Will scan jar /home/usuario/Documentos/Programas/Java/apache-jmeter-5.6.3/lib/ext/jmeter-plugins-manager-1.11.jar with filter ExtendsClassFilter [parents=[interface org.apache.jmeter.gui.action.Command], inner=false, contains=null, notContains=null]. Consider exposing JMeter plugins via META-INF/services, and add JMeter-Skip-Class-Scanning=true manifest attribute so JMeter can skip classfile scanning
2025-10-20 14:57:40,486 INFO o.a.j.r.ClassFinder: Will scan jar /home/usuario/Documentos/Programas/Java/apache-jmeter-5.6.3/lib/ext/jmeter-plugins-udp-0.4.jar with filter ExtendsClassFilter [parents=[interface org.apache.jmeter.gui.action.Command], inner=false, contains=null, notContains=null]. Consider exposing JMeter plugins via META-INF/services, and add JMeter-Skip-Class-Scanning=true manifest attribute so JMeter can skip classfile scanning
2025-10-20 14:57:40,940 INFO o.a.j.r.ClassFinder: Will scan jar /home/usuario/Documentos/Programas/Java/apache-jmeter-5.6.3/lib/ext/jmeter-plugins-casutg-3.1.1.jar with filter ExtendsClassFilter [parents=[interface org.apache.jmeter.gui.plugin.MenuCreator], inner=false, contains=null, notContains=null]. Consider exposing JMeter plugins via META-INF/services, and add JMeter-Skip-Class-Scanning=true manifest attribute so JMeter can skip classfile scanning
2025-10-20 14:57:40,943 INFO o.a.j.r.ClassFinder: Will scan jar /home/usuario/Documentos/Programas/Java/apache-jmeter-5.6.3/lib/ext/jmeter-plugins-graphs-basic-2.0.jar with filter ExtendsClassFilter [parents=[interface org.apache.jmeter.gui.plugin.MenuCreator], inner=false, contains=null, notContains=null]. Consider exposing JMeter plugins via META-INF/services, and add JMeter-Skip-Class-Scanning=true manifest attribute so JMeter can skip classfile scanning
2025-10-20 14:57:40,945 INFO o.a.j.r.ClassFinder: Will scan jar /home/usuario/Documentos/Programas/Java/apache-jmeter-5.6.3/lib/ext/jmeter-plugins-manager-1.11.jar with filter ExtendsClassFilter [parents=[interface org.apache.jmeter.gui.plugin.MenuCreator], inner=false, contains=null, notContains=null]. Consider exposing JMeter plugins via META-INF/services, and add JMeter-Skip-Class-Scanning=true manifest attribute so JMeter can skip classfile scanning
2025-10-20 14:57:40,950 INFO o.a.j.r.ClassFinder: Will scan jar /home/usuario/Documentos/Programas/Java/apache-jmeter-5.6.3/lib/ext/jmeter-plugins-udp-0.4.jar with filter ExtendsClassFilter [parents=[interface org.apache.jmeter.gui.plugin.MenuCreator], inner=false, contains=null, notContains=null]. Consider exposing JMeter plugins via META-INF/services, and add JMeter-Skip-Class-Scanning=true manifest attribute so JMeter can skip classfile scanning
2025-10-20 14:57:41,143 INFO o.j.r.JARSourceHTTP: Requesting https://jmeter-plugins.org/repo/?installID=linux-3bc0367051dc99e6164c549ab779ae37-gui
2025-10-20 14:57:44,466 INFO o.j.r.PluginManager: Plugins Status: [jpgc-graphs-basic=2.0, jpgc-casutg=3.1.1, jpgc-plugins-manager=1.11, jpgc-udp=0.4, jmeter-core=5.6.3, jmeter-ftp=5.6.3, jmeter-http=5.6.3, jmeter-jdbc=5.6.3, jmeter-jms=5.6.3, jmeter-junit=5.6.3, jmeter-java=5.6.3, jmeter-ldap=5.6.3, jmeter-mail=5.6.3, jmeter-mongodb=5.6.3, jmeter-native=5.6.3, jmeter-tcp=5.6.3, jmeter-components=5.6.3]
2025-10-20 14:57:51,779 INFO o.a.j.s.FileServer: Default base='/home/usuario/Documentos/Projetos/Projetos Java/Programacao-Reativa'
2025-10-20 14:57:51,789 INFO o.a.j.g.a.Load: Loading file: /home/usuario/Documentos/Projetos/Projetos Java/Programacao-Reativa/Microservices-E-Commerce/Jmeter-e-commerce.jmx
2025-10-20 14:57:51,790 INFO o.a.j.s.FileServer: Set new base='/home/usuario/Documentos/Projetos/Projetos Java/Programacao-Reativa/Microservices-E-Commerce'
2025-10-20 14:57:52,246 INFO o.a.j.s.SaveService: Testplan (JMX) version: 2.2. Testlog (JTL) version: 2.2
2025-10-20 14:57:52,264 INFO o.a.j.s.SaveService: Using SaveService properties version 5.0
2025-10-20 14:57:52,271 INFO o.a.j.s.SaveService: Using SaveService properties file encoding UTF-8
2025-10-20 14:57:52,282 INFO o.a.j.s.SaveService: Loading file: /home/usuario/Documentos/Projetos/Projetos Java/Programacao-Reativa/Microservices-E-Commerce/Jmeter-e-commerce.jmx
2025-10-20 14:57:52,601 INFO o.a.j.p.h.s.HTTPSamplerBase: Parser for text/html is org.apache.jmeter.protocol.http.parser.LagartoBasedHtmlParser
2025-10-20 14:57:52,602 INFO o.a.j.p.h.s.HTTPSamplerBase: Parser for application/xhtml+xml is org.apache.jmeter.protocol.http.parser.LagartoBasedHtmlParser
2025-10-20 14:57:52,602 INFO o.a.j.p.h.s.HTTPSamplerBase: Parser for application/xml is org.apache.jmeter.protocol.http.parser.LagartoBasedHtmlParser
2025-10-20 14:57:52,602 INFO o.a.j.p.h.s.HTTPSamplerBase: Parser for text/xml is org.apache.jmeter.protocol.http.parser.LagartoBasedHtmlParser
2025-10-20 14:57:52,602 INFO o.a.j.p.h.s.HTTPSamplerBase: Parser for text/vnd.wap.wml is org.apache.jmeter.protocol.http.parser.RegexpHTMLParser
2025-10-20 14:57:52,602 INFO o.a.j.p.h.s.HTTPSamplerBase: Parser for text/css is org.apache.jmeter.protocol.http.parser.CssParser
2025-10-20 14:57:52,804 INFO o.a.j.s.SampleResult: Note: Sample TimeStamps are START times
2025-10-20 14:57:52,805 INFO o.a.j.s.SampleResult: sampleresult.default.encoding is set to UTF-8
2025-10-20 14:57:52,805 INFO o.a.j.s.SampleResult: sampleresult.useNanoTime=true
2025-10-20 14:57:52,805 INFO o.a.j.s.SampleResult: sampleresult.nanoThreadSleep=5000
2025-10-20 14:57:53,090 INFO o.a.j.r.ClassFinder: Will scan jar /home/usuario/Documentos/Programas/Java/apache-jmeter-5.6.3/lib/ext/jmeter-plugins-casutg-3.1.1.jar with filter ExtendsClassFilter [parents=[interface org.apache.jmeter.visualizers.ResultRenderer], inner=false, contains=null, notContains=null]. Consider exposing JMeter plugins via META-INF/services, and add JMeter-Skip-Class-Scanning=true manifest attribute so JMeter can skip classfile scanning
2025-10-20 14:57:53,092 INFO o.a.j.r.ClassFinder: Will scan jar /home/usuario/Documentos/Programas/Java/apache-jmeter-5.6.3/lib/ext/jmeter-plugins-graphs-basic-2.0.jar with filter ExtendsClassFilter [parents=[interface org.apache.jmeter.visualizers.ResultRenderer], inner=false, contains=null, notContains=null]. Consider exposing JMeter plugins via META-INF/services, and add JMeter-Skip-Class-Scanning=true manifest attribute so JMeter can skip classfile scanning
2025-10-20 14:57:53,095 INFO o.a.j.r.ClassFinder: Will scan jar /home/usuario/Documentos/Programas/Java/apache-jmeter-5.6.3/lib/ext/jmeter-plugins-manager-1.11.jar with filter ExtendsClassFilter [parents=[interface org.apache.jmeter.visualizers.ResultRenderer], inner=false, contains=null, notContains=null]. Consider exposing JMeter plugins via META-INF/services, and add JMeter-Skip-Class-Scanning=true manifest attribute so JMeter can skip classfile scanning
2025-10-20 14:57:53,105 INFO o.a.j.r.ClassFinder: Will scan jar /home/usuario/Documentos/Programas/Java/apache-jmeter-5.6.3/lib/ext/jmeter-plugins-udp-0.4.jar with filter ExtendsClassFilter [parents=[interface org.apache.jmeter.visualizers.ResultRenderer], inner=false, contains=null, notContains=null]. Consider exposing JMeter plugins via META-INF/services, and add JMeter-Skip-Class-Scanning=true manifest attribute so JMeter can skip classfile scanning
2025-10-20 14:57:53,182 INFO o.a.j.r.ClassFinder: Will scan jar /home/usuario/Documentos/Programas/Java/apache-jmeter-5.6.3/lib/ext/jmeter-plugins-casutg-3.1.1.jar with filter ExtendsClassFilter [parents=[interface org.apache.jmeter.visualizers.RequestView], inner=false, contains=null, notContains=null]. Consider exposing JMeter plugins via META-INF/services, and add JMeter-Skip-Class-Scanning=true manifest attribute so JMeter can skip classfile scanning
2025-10-20 14:57:53,184 INFO o.a.j.r.ClassFinder: Will scan jar /home/usuario/Documentos/Programas/Java/apache-jmeter-5.6.3/lib/ext/jmeter-plugins-graphs-basic-2.0.jar with filter ExtendsClassFilter [parents=[interface org.apache.jmeter.visualizers.RequestView], inner=false, contains=null, notContains=null]. Consider exposing JMeter plugins via META-INF/services, and add JMeter-Skip-Class-Scanning=true manifest attribute so JMeter can skip classfile scanning
2025-10-20 14:57:53,186 INFO o.a.j.r.ClassFinder: Will scan jar /home/usuario/Documentos/Programas/Java/apache-jmeter-5.6.3/lib/ext/jmeter-plugins-manager-1.11.jar with filter ExtendsClassFilter [parents=[interface org.apache.jmeter.visualizers.RequestView], inner=false, contains=null, notContains=null]. Consider exposing JMeter plugins via META-INF/services, and add JMeter-Skip-Class-Scanning=true manifest attribute so JMeter can skip classfile scanning
2025-10-20 14:57:53,194 INFO o.a.j.r.ClassFinder: Will scan jar /home/usuario/Documentos/Programas/Java/apache-jmeter-5.6.3/lib/ext/jmeter-plugins-udp-0.4.jar with filter ExtendsClassFilter [parents=[interface org.apache.jmeter.visualizers.RequestView], inner=false, contains=null, notContains=null]. Consider exposing JMeter plugins via META-INF/services, and add JMeter-Skip-Class-Scanning=true manifest attribute so JMeter can skip classfile scanning
2025-10-20 14:57:54,099 INFO o.a.j.r.ClassFinder: Will scan jar /home/usuario/Documentos/Programas/Java/apache-jmeter-5.6.3/lib/ext/jmeter-plugins-casutg-3.1.1.jar with filter ExtendsClassFilter [parents=[interface org.apache.jmeter.visualizers.ResultRenderer], inner=false, contains=null, notContains=null]. Consider exposing JMeter plugins via META-INF/services, and add JMeter-Skip-Class-Scanning=true manifest attribute so JMeter can skip classfile scanning
2025-10-20 14:57:54,101 INFO o.a.j.r.ClassFinder: Will scan jar /home/usuario/Documentos/Programas/Java/apache-jmeter-5.6.3/lib/ext/jmeter-plugins-graphs-basic-2.0.jar with filter ExtendsClassFilter [parents=[interface org.apache.jmeter.visualizers.ResultRenderer], inner=false, contains=null, notContains=null]. Consider exposing JMeter plugins via META-INF/services, and add JMeter-Skip-Class-Scanning=true manifest attribute so JMeter can skip classfile scanning
2025-10-20 14:57:54,104 INFO o.a.j.r.ClassFinder: Will scan jar /home/usuario/Documentos/Programas/Java/apache-jmeter-5.6.3/lib/ext/jmeter-plugins-manager-1.11.jar with filter ExtendsClassFilter [parents=[interface org.apache.jmeter.visualizers.ResultRenderer], inner=false, contains=null, notContains=null]. Consider exposing JMeter plugins via META-INF/services, and add JMeter-Skip-Class-Scanning=true manifest attribute so JMeter can skip classfile scanning
2025-10-20 14:57:54,111 INFO o.a.j.r.ClassFinder: Will scan jar /home/usuario/Documentos/Programas/Java/apache-jmeter-5.6.3/lib/ext/jmeter-plugins-udp-0.4.jar with filter ExtendsClassFilter [parents=[interface org.apache.jmeter.visualizers.ResultRenderer], inner=false, contains=null, notContains=null]. Consider exposing JMeter plugins via META-INF/services, and add JMeter-Skip-Class-Scanning=true manifest attribute so JMeter can skip classfile scanning
2025-10-20 14:57:54,169 INFO o.a.j.r.ClassFinder: Will scan jar /home/usuario/Documentos/Programas/Java/apache-jmeter-5.6.3/lib/ext/jmeter-plugins-casutg-3.1.1.jar with filter ExtendsClassFilter [parents=[interface org.apache.jmeter.visualizers.RequestView], inner=false, contains=null, notContains=null]. Consider exposing JMeter plugins via META-INF/services, and add JMeter-Skip-Class-Scanning=true manifest attribute so JMeter can skip classfile scanning
2025-10-20 14:57:54,171 INFO o.a.j.r.ClassFinder: Will scan jar /home/usuario/Documentos/Programas/Java/apache-jmeter-5.6.3/lib/ext/jmeter-plugins-graphs-basic-2.0.jar with filter ExtendsClassFilter [parents=[interface org.apache.jmeter.visualizers.RequestView], inner=false, contains=null, notContains=null]. Consider exposing JMeter plugins via META-INF/services, and add JMeter-Skip-Class-Scanning=true manifest attribute so JMeter can skip classfile scanning
2025-10-20 14:57:54,173 INFO o.a.j.r.ClassFinder: Will scan jar /home/usuario/Documentos/Programas/Java/apache-jmeter-5.6.3/lib/ext/jmeter-plugins-manager-1.11.jar with filter ExtendsClassFilter [parents=[interface org.apache.jmeter.visualizers.RequestView], inner=false, contains=null, notContains=null]. Consider exposing JMeter plugins via META-INF/services, and add JMeter-Skip-Class-Scanning=true manifest attribute so JMeter can skip classfile scanning
2025-10-20 14:57:54,180 INFO o.a.j.r.ClassFinder: Will scan jar /home/usuario/Documentos/Programas/Java/apache-jmeter-5.6.3/lib/ext/jmeter-plugins-udp-0.4.jar with filter ExtendsClassFilter [parents=[interface org.apache.jmeter.visualizers.RequestView], inner=false, contains=null, notContains=null]. Consider exposing JMeter plugins via META-INF/services, and add JMeter-Skip-Class-Scanning=true manifest attribute so JMeter can skip classfile scanning
2025-10-20 14:57:54,582 INFO o.a.j.s.FileServer: Set new base='/home/usuario/Documentos/Projetos/Projetos Java/Programacao-Reativa/Microservices-E-Commerce'
